PLINK v1.90p 64-bit (21 Feb 2018)
Options in effect:
  --bfile /gpfs/home/guosa/hpc/db/hg19/1000Genome/plink/G1000plink
  --extract hsa.gff3.hg19.snp
  --make-bed
  --out G1000.miRNA

Hostname: login
Working directory: /mnt/bigdata/Genetic/Projects/shg047/rheumatology/RA/meta3000/MIR
Start time: Thu Feb 20 16:10:15 2020

Random number seed: 1582236615
64510 MB RAM detected; reserving 32255 MB for main workspace.
78089847 variants loaded from .bim file.
2504 people (0 males, 0 females, 2504 ambiguous) loaded from .fam.
Ambiguous sex IDs written to G1000.miRNA.nosex .
--extract: 235 variants remaining.
Using 1 thread (no multithreaded calculations invoked).
Before main variant filters, 2504 founders and 0 nonfounders present.
Calculating allele frequencies... done.
235 variants and 2504 people pass filters and QC.
Note: No phenotypes present.
--make-bed to G1000.miRNA.bed + G1000.miRNA.bim + G1000.miRNA.fam ... done.

End time: Thu Feb 20 16:11:01 2020
