PLINK v1.90p 64-bit (21 Feb 2018)
Options in effect:
  --bfile /gpfs/home/guosa/hpc/rheumatology/RA/RA500/michigan/R500.beagle
  --extract range hsa.gff3.hg19.bed
  --make-bed
  --out ROI.RA500.dbsnp

Hostname: login
Working directory: /mnt/bigdata/Genetic/Projects/shg047/rheumatology/RA/meta3000/MIR
Start time: Thu Feb 20 00:55:07 2020

Random number seed: 1582181707
64510 MB RAM detected; reserving 32255 MB for main workspace.
7374381 variants loaded from .bim file.
1071 people (0 males, 0 females, 1071 ambiguous) loaded from .fam.
Ambiguous sex IDs written to ROI.RA500.dbsnp.nosex .
1071 phenotype values loaded from .fam.
--extract range: 7374148 variants excluded.
--extract range: 233 variants remaining.
Warning: Ignoring phenotypes of missing-sex samples.  If you don't want those
phenotypes to be ignored, use the --allow-no-sex flag.
Using 1 thread (no multithreaded calculations invoked).
Before main variant filters, 1071 founders and 0 nonfounders present.
Calculating allele frequencies... done.
233 variants and 1071 people pass filters and QC.
Among remaining phenotypes, 520 are cases and 551 are controls.
--make-bed to ROI.RA500.dbsnp.bed + ROI.RA500.dbsnp.bim + ROI.RA500.dbsnp.fam
... done.

End time: Thu Feb 20 00:55:16 2020
