PLINK v1.90p 64-bit (21 Feb 2018)
Options in effect:
  --allow-no-sex
  --bfile ROI.RA500.dbsnp
  --ci 0.95
  --freq counts
  --model mperm=1000000
  --out ROI.RA500

Hostname: login
Working directory: /mnt/bigdata/Genetic/Projects/shg047/rheumatology/RA/meta3000/MIR
Start time: Thu Feb 20 00:55:16 2020

Random number seed: 1582181716
64510 MB RAM detected; reserving 32255 MB for main workspace.
233 variants loaded from .bim file.
1071 people (0 males, 0 females, 1071 ambiguous) loaded from .fam.
Ambiguous sex IDs written to ROI.RA500.nosex .
1071 phenotype values loaded from .fam.
Using up to 15 threads (change this with --threads).
Before main variant filters, 1071 founders and 0 nonfounders present.
Calculating allele frequencies... done.
--freq counts: Allele frequencies (founders only) written to
ROI.RA500.frq.counts .
233 variants and 1071 people pass filters and QC.
Among remaining phenotypes, 520 are cases and 551 are controls.
Writing --model report to ROI.RA500.model ... done.
1000000 max(T) permutations complete.
Permutation test report written to ROI.RA500.model.best.mperm .

End time: Thu Feb 20 00:55:44 2020
