
@----------------------------------------------------------@
|        PLINK!       |     v1.07      |   10/Aug/2009     |
|----------------------------------------------------------|
|  (C) 2009 Shaun Purcell, GNU General Public License, v2  |
|----------------------------------------------------------|
|  For documentation, citation & bug-report instructions:  |
|        http://pngu.mgh.harvard.edu/purcell/plink/        |
@----------------------------------------------------------@

Skipping web check... [ --noweb ] 
Writing this text to log file [ ROI.RA3000.haplotype.log ]
Analysis started: Thu Feb 20 02:03:51 2020

Options in effect:
	--bfile ROI.RA3000.dbsnp
	--hap-window 2,3,4,5,6
	--hap-assoc
	--out ROI.RA3000.haplotype
	--noweb

** For gPLINK compatibility, do not use '.' in --out **
Reading map (extended format) from [ ROI.RA3000.dbsnp.bim ] 
233 markers to be included from [ ROI.RA3000.dbsnp.bim ]
Reading pedigree information from [ ROI.RA3000.dbsnp.fam ] 
3187 individuals read from [ ROI.RA3000.dbsnp.fam ] 
2058 individuals with nonmissing phenotypes
Assuming a disease phenotype (1=unaff, 2=aff, 0=miss)
Missing phenotype value is also -9
1029 cases, 1029 controls and 1129 missing
369 males, 1689 females, and 1129 of unspecified sex
Warning, found 1129 individuals with ambiguous sex codes
These individuals will be set to missing ( or use --allow-no-sex )
Writing list of these individuals to [ ROI.RA3000.haplotype.nosex ]
Reading genotype bitfile from [ ROI.RA3000.dbsnp.bed ] 
Detected that binary PED file is v1.00 SNP-major mode
Before frequency and genotyping pruning, there are 233 SNPs
3187 founders and 0 non-founders found
Total genotyping rate in remaining individuals is 1
0 SNPs failed missingness test ( GENO > 1 )
0 SNPs failed frequency test ( MAF < 0 )
After frequency and genotyping pruning, there are 233 SNPs
After filtering, 1029 cases, 1029 controls and 1129 missing
After filtering, 369 males, 1689 females, and 1129 of unspecified sex

Created 876 sliding windows
Estimating haplotype frequencies/phases ( MHF >= 0.01 )
Considering phases P(H|G) >= 0.01
Requiring per individual per haplotype missingness < 0.5 
Writing haplotype association statistics to [ ROI.RA3000.haplotype.assoc.hap ]

Analysis finished: Thu Feb 20 02:03:57 2020

