PLINK v1.90p 64-bit (21 Feb 2018)
Options in effect:
  --bfile ROI
  --out ROI
  --pca 2 header
  --threads 31

Hostname: chg1-lc
Working directory: /mnt/bigdata/Genetic/Projects/shg047/rheumatology/RA/meta3000/MIR/PCA
Start time: Thu Feb 20 16:30:12 2020

Random number seed: 1582237812
387577 MB RAM detected; reserving 193788 MB for main workspace.
236 variants loaded from .bim file.
5691 people (369 males, 1689 females, 3633 ambiguous) loaded from .fam.
Ambiguous sex IDs written to ROI.nosex .
3187 phenotype values loaded from .fam.
Warning: Ignoring phenotypes of missing-sex samples.  If you don't want those
phenotypes to be ignored, use the --allow-no-sex flag.
Using up to 31 threads (change this with --threads).
Before main variant filters, 5691 founders and 0 nonfounders present.
Calculating allele frequencies... done.
Total genotyping rate is 0.991017.
236 variants and 5691 people pass filters and QC.
Among remaining phenotypes, 1029 are cases and 1029 are controls.  (3633
phenotypes are missing.)
Relationship matrix calculation complete.
--pca: Results saved to ROI.eigenval and ROI.eigenvec .

End time: Thu Feb 20 16:31:33 2020
